<?xml version="1.0" encoding="UTF-8"?>
<testsuite name="algebra.generic.NestedMatrixTests" tests="1" skipped="0" failures="0" errors="0" timestamp="2024-01-31T14:10:02" hostname="ash06.doc.ic.ac.uk" time="0.031">
  <properties/>
  <testcase name="make vector" classname="algebra.generic.NestedMatrixTests" time="0.031"/>
  <system-out><![CDATA[]]></system-out>
  <system-err><![CDATA[]]></system-err>
</testsuite>
